Determining if the pthread_create exist failed with the following output:
Change Dir: /home/heldon/chameleon/Chameleon/heldon-build/CMakeFiles/CMakeTmp

Run Build Command:"/usr/bin/make" "cmTC_2526c/fast"
/usr/bin/make -f CMakeFiles/cmTC_2526c.dir/build.make CMakeFiles/cmTC_2526c.dir/build
make[1]: Entering directory '/home/heldon/chameleon/Chameleon/heldon-build/CMakeFiles/CMakeTmp'
Building C object CMakeFiles/cmTC_2526c.dir/CheckSymbolExists.c.o
/usr/bin/cc    -O2    -o CMakeFiles/cmTC_2526c.dir/CheckSymbolExists.c.o   -c /home/heldon/chameleon/Chameleon/heldon-build/CMakeFiles/CMakeTmp/CheckSymbolExists.c
Linking C executable cmTC_2526c
/usr/bin/cmake -E cmake_link_script CMakeFiles/cmTC_2526c.dir/link.txt --verbose=1
/usr/bin/cc     -O2     CMakeFiles/cmTC_2526c.dir/CheckSymbolExists.c.o  -o cmTC_2526c -rdynamic 
CMakeFiles/cmTC_2526c.dir/CheckSymbolExists.c.o: In function `main':
CheckSymbolExists.c:(.text.startup+0x6): undefined reference to `pthread_create'
collect2: error: ld returned 1 exit status
CMakeFiles/cmTC_2526c.dir/build.make:97: recipe for target 'cmTC_2526c' failed
make[1]: *** [cmTC_2526c] Error 1
make[1]: Leaving directory '/home/heldon/chameleon/Chameleon/heldon-build/CMakeFiles/CMakeTmp'
Makefile:126: recipe for target 'cmTC_2526c/fast' failed
make: *** [cmTC_2526c/fast] Error 2

File /home/heldon/chameleon/Chameleon/heldon-build/CMakeFiles/CMakeTmp/CheckSymbolExists.c:
/* */
#include <pthread.h>

int main(int argc, char** argv)
{
  (void)argv;
#ifndef pthread_create
  return ((int*)(&pthread_create))[argc];
#else
  (void)argc;
  return 0;
#endif
}

Determining if the function pthread_create exists in the pthreads failed with the following output:
Change Dir: /home/heldon/chameleon/Chameleon/heldon-build/CMakeFiles/CMakeTmp

Run Build Command:"/usr/bin/make" "cmTC_5a490/fast"
/usr/bin/make -f CMakeFiles/cmTC_5a490.dir/build.make CMakeFiles/cmTC_5a490.dir/build
make[1]: Entering directory '/home/heldon/chameleon/Chameleon/heldon-build/CMakeFiles/CMakeTmp'
Building C object CMakeFiles/cmTC_5a490.dir/CheckFunctionExists.c.o
/usr/bin/cc    -O2 -DCHECK_FUNCTION_EXISTS=pthread_create   -o CMakeFiles/cmTC_5a490.dir/CheckFunctionExists.c.o   -c /usr/share/cmake-3.5/Modules/CheckFunctionExists.c
Linking C executable cmTC_5a490
/usr/bin/cmake -E cmake_link_script CMakeFiles/cmTC_5a490.dir/link.txt --verbose=1
/usr/bin/cc     -O2 -DCHECK_FUNCTION_EXISTS=pthread_create    CMakeFiles/cmTC_5a490.dir/CheckFunctionExists.c.o  -o cmTC_5a490 -rdynamic -lpthreads 
/usr/bin/ld: cannot find -lpthreads
collect2: error: ld returned 1 exit status
CMakeFiles/cmTC_5a490.dir/build.make:97: recipe for target 'cmTC_5a490' failed
make[1]: *** [cmTC_5a490] Error 1
make[1]: Leaving directory '/home/heldon/chameleon/Chameleon/heldon-build/CMakeFiles/CMakeTmp'
Makefile:126: recipe for target 'cmTC_5a490/fast' failed
make: *** [cmTC_5a490/fast] Error 2


